<?xml version="1.0" encoding="UTF-8"?>
<!-- Generated by org.testng.reporters.JUnitReportReporter -->
<testsuite skipped="0" hostname="LAPTOP-2CA2UD9P" name="com.employeeapi.testCases.TC001_GET_All_Employees" tests="9" failures="0" timestamp="17 Jan 2021 22:09:59 GMT" time="0.032" errors="0">
  <testcase name="checkStatusCode" time="0.000" classname="com.employeeapi.testCases.TC001_GET_All_Employees"/>
  <testcase name="checkCookies" time="0.000" classname="com.employeeapi.testCases.TC001_GET_All_Employees"/>
  <testcase name="checkStatusLine" time="0.004" classname="com.employeeapi.testCases.TC001_GET_All_Employees"/>
  <testcase name="checkResponseTime" time="0.000" classname="com.employeeapi.testCases.TC001_GET_All_Employees"/>
  <testcase name="checkContentType" time="0.000" classname="com.employeeapi.testCases.TC001_GET_All_Employees"/>
  <testcase name="checkContentLength" time="0.000" classname="com.employeeapi.testCases.TC001_GET_All_Employees"/>
  <testcase name="checkContentEncodingType" time="0.004" classname="com.employeeapi.testCases.TC001_GET_All_Employees"/>
  <testcase name="checkServerType" time="0.004" classname="com.employeeapi.testCases.TC001_GET_All_Employees"/>
  <testcase name="checkResponseBody" time="0.020" classname="com.employeeapi.testCases.TC001_GET_All_Employees"/>
</testsuite> <!-- com.employeeapi.testCases.TC001_GET_All_Employees -->
